<?xml version="1.0" encoding="UTF-8"?>
<testng-results ignored="0" total="6" passed="5" failed="1" skipped="0">
  <reporter-output>
  </reporter-output>
  <suite started-at="2023-09-14T12:36:59 BRT" name="Suite" finished-at="2023-09-14T12:38:07 BRT" duration-ms="67832">
    <groups>
      <group name="smoke">
        <method signature="ContactFormTest.endToEndTest()[pri:0, instance:uk.co.automationtesting.ChallangeNovo.ContactFormTest@659499f1]" name="endToEndTest" class="uk.co.automationtesting.ChallangeNovo.ContactFormTest"/>
      </group> <!-- smoke -->
    </groups>
    <test started-at="2023-09-14T12:36:59 BRT" name="OrderTest" finished-at="2023-09-14T12:37:32 BRT" duration-ms="32682">
      <class name="uk.co.automationtesting.ChallangeNovo.OrderCompleteTest">
        <test-method is-config="true" signature="setup()[pri:0, instance:uk.co.automationtesting.ChallangeNovo.OrderCompleteTest@bd4dc25]" started-at="2023-09-14T12:37:00 BRT" name="setup" finished-at="2023-09-14T12:37:08 BRT" duration-ms="8789" status="PASS">
          <reporter-output>
          </reporter-output>
        </test-method> <!-- setup -->
        <test-method signature="endToEndTest()[pri:0, instance:uk.co.automationtesting.ChallangeNovo.OrderCompleteTest@bd4dc25]" started-at="2023-09-14T12:37:08 BRT" name="endToEndTest" finished-at="2023-09-14T12:37:16 BRT" duration-ms="7147" status="PASS">
          <reporter-output>
          </reporter-output>
        </test-method> <!-- endToEndTest -->
        <test-method signature="endToEndTest2()[pri:0, instance:uk.co.automationtesting.ChallangeNovo.OrderCompleteTest@bd4dc25]" started-at="2023-09-14T12:37:16 BRT" name="endToEndTest2" finished-at="2023-09-14T12:37:23 BRT" duration-ms="7795" status="PASS">
          <reporter-output>
          </reporter-output>
        </test-method> <!-- endToEndTest2 -->
        <test-method signature="endToEndTeste()[pri:0, instance:uk.co.automationtesting.ChallangeNovo.OrderCompleteTest@bd4dc25]" started-at="2023-09-14T12:37:23 BRT" name="endToEndTeste" finished-at="2023-09-14T12:37:32 BRT" duration-ms="8528" status="PASS">
          <reporter-output>
          </reporter-output>
        </test-method> <!-- endToEndTeste -->
        <test-method is-config="true" signature="tearDown()[pri:0, instance:uk.co.automationtesting.ChallangeNovo.OrderCompleteTest@bd4dc25]" started-at="2023-09-14T12:37:32 BRT" name="tearDown" finished-at="2023-09-14T12:37:32 BRT" duration-ms="285" status="PASS">
          <reporter-output>
          </reporter-output>
        </test-method> <!-- tearDown -->
      </class> <!-- uk.co.automationtesting.ChallangeNovo.OrderCompleteTest -->
    </test> <!-- OrderTest -->
    <test started-at="2023-09-14T12:37:32 BRT" name="CheckBoxestTest" finished-at="2023-09-14T12:37:55 BRT" duration-ms="22429">
      <class name="TestCases.CheckBoxTest">
        <test-method is-config="true" signature="setup()[pri:0, instance:TestCases.CheckBoxTest@3a44431a]" started-at="2023-09-14T12:37:32 BRT" name="setup" finished-at="2023-09-14T12:37:38 BRT" duration-ms="5480" status="PASS">
          <reporter-output>
          </reporter-output>
        </test-method> <!-- setup -->
        <test-method signature="Login()[pri:0, instance:TestCases.CheckBoxTest@3a44431a]" started-at="2023-09-14T12:37:38 BRT" name="Login" finished-at="2023-09-14T12:37:54 BRT" duration-ms="16226" status="FAIL">
          <exception class="org.openqa.selenium.TimeoutException">
            <message>
              <![CDATA[Expected condition failed: waiting for visibility of element located by By.linkText: Sign out (tried for 5 second(s) with 500 milliseconds interval)]]>
            </message>
            <full-stacktrace>
              <![CDATA[org.openqa.selenium.TimeoutException: Expected condition failed: waiting for visibility of element located by By.linkText: Sign out (tried for 5 second(s) with 500 milliseconds interval)
at org.openqa.selenium.support.ui.WebDriverWait.timeoutException(WebDriverWait.java:95)
at org.openqa.selenium.support.ui.FluentWait.until(FluentWait.java:272)
at PageObjects.BasePage.waitFor(BasePage.java:182)
at PageObjects.BasePage.waitForVisibilityOf(BasePage.java:194)
at PageObjects.ShopYourAccount.clickSignOutBtn(ShopYourAccount.java:38)
at TestCases.CheckBoxTest.Login(CheckBoxTest.java:54)
at java.base/jdk.internal.reflect.NativeMethodAccessorImpl.invoke0(Native Method)
at java.base/jdk.internal.reflect.NativeMethodAccessorImpl.invoke(NativeMethodAccessorImpl.java:62)
at java.base/jdk.internal.reflect.DelegatingMethodAccessorImpl.invoke(DelegatingMethodAccessorImpl.java:43)
at java.base/java.lang.reflect.Method.invoke(Method.java:566)
at org.testng.internal.MethodInvocationHelper.invokeMethod(MethodInvocationHelper.java:133)
at org.testng.internal.TestInvoker.invokeMethod(TestInvoker.java:598)
at org.testng.internal.TestInvoker.invokeTestMethod(TestInvoker.java:173)
at org.testng.internal.MethodRunner.runInSequence(MethodRunner.java:46)
at org.testng.internal.TestInvoker$MethodInvocationAgent.invoke(TestInvoker.java:824)
at org.testng.internal.TestInvoker.invokeTestMethods(TestInvoker.java:146)
at org.testng.internal.TestMethodWorker.invokeTestMethods(TestMethodWorker.java:146)
at org.testng.internal.TestMethodWorker.run(TestMethodWorker.java:128)
at java.base/java.util.ArrayList.forEach(ArrayList.java:1541)
at org.testng.TestRunner.privateRun(TestRunner.java:794)
at org.testng.TestRunner.run(TestRunner.java:596)
at org.testng.SuiteRunner.runTest(SuiteRunner.java:377)
at org.testng.SuiteRunner.runSequentially(SuiteRunner.java:371)
at org.testng.SuiteRunner.privateRun(SuiteRunner.java:332)
at org.testng.SuiteRunner.run(SuiteRunner.java:276)
at org.testng.SuiteRunnerWorker.runSuite(SuiteRunnerWorker.java:53)
at org.testng.SuiteRunnerWorker.run(SuiteRunnerWorker.java:96)
at org.testng.TestNG.runSuitesSequentially(TestNG.java:1212)
at org.testng.TestNG.runSuitesLocally(TestNG.java:1134)
at org.testng.TestNG.runSuites(TestNG.java:1063)
at org.testng.TestNG.run(TestNG.java:1031)
at org.testng.remote.AbstractRemoteTestNG.run(AbstractRemoteTestNG.java:115)
at org.testng.remote.RemoteTestNG.initAndRun(RemoteTestNG.java:251)
at org.testng.remote.RemoteTestNG.main(RemoteTestNG.java:77)
Caused by: org.openqa.selenium.NoSuchElementException: no such element: Unable to locate element: {"method":"link text","selector":"Sign out"}
  (Session info: chrome=110.0.5481.77)
For documentation on this error, please visit: https://www.seleniumhq.org/exceptions/no_such_element.html
Build info: version: '3.141.59', revision: 'e82be7d358', time: '2018-11-14T08:17:03'
System info: host: 'Mac-Air', ip: '2a02:a03f:6183:ae00:5b4:fd6a:b283:781c%en0', os.name: 'Mac OS X', os.arch: 'x86_64', os.version: '10.15.7', java.version: '11.0.16'
Driver info: org.openqa.selenium.chrome.ChromeDriver
Capabilities {acceptInsecureCerts: false, browserName: chrome, browserVersion: 110.0.5481.77, chrome: {chromedriverVersion: 110.0.5481.77 (65ed616c6e8e..., userDataDir: /var/folders/cn/l2tz91rs3fd...}, goog:chromeOptions: {debuggerAddress: localhost:51167}, javascriptEnabled: true, networkConnectionEnabled: false, pageLoadStrategy: normal, platform: MAC, platformName: MAC, proxy: Proxy(), setWindowRect: true, strictFileInteractability: false, timeouts: {implicit: 0, pageLoad: 300000, script: 30000}, unhandledPromptBehavior: dismiss and notify, webauthn:extension:credBlob: true, webauthn:extension:largeBlob: true, webauthn:virtualAuthenticators: true}
Session ID: 5ea4836ea91ad47e313673964e8d2738
*** Element info: {Using=link text, value=Sign out}
at java.base/jdk.internal.reflect.NativeConstructorAccessorImpl.newInstance0(Native Method)
at java.base/jdk.internal.reflect.NativeConstructorAccessorImpl.newInstance(NativeConstructorAccessorImpl.java:62)
at java.base/jdk.internal.reflect.DelegatingConstructorAccessorImpl.newInstance(DelegatingConstructorAccessorImpl.java:45)
at java.base/java.lang.reflect.Constructor.newInstance(Constructor.java:490)
at org.openqa.selenium.remote.http.W3CHttpResponseCodec.createException(W3CHttpResponseCodec.java:187)
at org.openqa.selenium.remote.http.W3CHttpResponseCodec.decode(W3CHttpResponseCodec.java:122)
at org.openqa.selenium.remote.http.W3CHttpResponseCodec.decode(W3CHttpResponseCodec.java:49)
at org.openqa.selenium.remote.HttpCommandExecutor.execute(HttpCommandExecutor.java:158)
at org.openqa.selenium.remote.service.DriverCommandExecutor.execute(DriverCommandExecutor.java:83)
at org.openqa.selenium.remote.RemoteWebDriver.execute(RemoteWebDriver.java:552)
at org.openqa.selenium.remote.RemoteWebDriver.findElement(RemoteWebDriver.java:323)
at org.openqa.selenium.remote.RemoteWebDriver.findElementByLinkText(RemoteWebDriver.java:380)
at org.openqa.selenium.By$ByLinkText.findElement(By.java:220)
at org.openqa.selenium.remote.RemoteWebDriver.findElement(RemoteWebDriver.java:315)
at org.openqa.selenium.support.ui.ExpectedConditions$7.apply(ExpectedConditions.java:205)
at org.openqa.selenium.support.ui.ExpectedConditions$7.apply(ExpectedConditions.java:201)
at org.openqa.selenium.support.ui.FluentWait.until(FluentWait.java:249)
... 32 more
]]>
            </full-stacktrace>
          </exception> <!-- org.openqa.selenium.TimeoutException -->
          <reporter-output>
          </reporter-output>
        </test-method> <!-- Login -->
        <test-method is-config="true" signature="tearDown()[pri:0, instance:TestCases.CheckBoxTest@3a44431a]" started-at="2023-09-14T12:37:54 BRT" name="tearDown" finished-at="2023-09-14T12:37:55 BRT" duration-ms="316" status="PASS">
          <reporter-output>
          </reporter-output>
        </test-method> <!-- tearDown -->
      </class> <!-- TestCases.CheckBoxTest -->
    </test> <!-- CheckBoxestTest -->
    <test started-at="2023-09-14T12:37:55 BRT" name="CheckedAndValidation" finished-at="2023-09-14T12:38:02 BRT" duration-ms="7407">
      <class name="TestCases.CheckBoxTests2">
        <test-method is-config="true" signature="setup()[pri:0, instance:TestCases.CheckBoxTests2@53ce1329]" started-at="2023-09-14T12:37:55 BRT" name="setup" finished-at="2023-09-14T12:38:00 BRT" duration-ms="5056" status="PASS">
          <reporter-output>
          </reporter-output>
        </test-method> <!-- setup -->
        <test-method signature="selectingTwoCheckboxesTest()[pri:0, instance:TestCases.CheckBoxTests2@53ce1329]" started-at="2023-09-14T12:38:00 BRT" name="selectingTwoCheckboxesTest" finished-at="2023-09-14T12:38:02 BRT" duration-ms="2149" status="PASS">
          <reporter-output>
          </reporter-output>
        </test-method> <!-- selectingTwoCheckboxesTest -->
        <test-method is-config="true" signature="tearDown()[pri:0, instance:TestCases.CheckBoxTests2@53ce1329]" started-at="2023-09-14T12:38:02 BRT" name="tearDown" finished-at="2023-09-14T12:38:02 BRT" duration-ms="198" status="PASS">
          <reporter-output>
          </reporter-output>
        </test-method> <!-- tearDown -->
      </class> <!-- TestCases.CheckBoxTests2 -->
    </test> <!-- CheckedAndValidation -->
    <test started-at="2023-09-14T12:38:02 BRT" name="ContactFTest" finished-at="2023-09-14T12:38:07 BRT" duration-ms="5110">
      <class name="uk.co.automationtesting.ChallangeNovo.ContactFormTest">
        <test-method is-config="true" signature="setup()[pri:0, instance:uk.co.automationtesting.ChallangeNovo.ContactFormTest@659499f1]" started-at="2023-09-14T12:38:02 BRT" name="setup" finished-at="2023-09-14T12:38:06 BRT" duration-ms="3329" status="PASS">
          <reporter-output>
          </reporter-output>
        </test-method> <!-- setup -->
        <test-method signature="endToEndTest()[pri:0, instance:uk.co.automationtesting.ChallangeNovo.ContactFormTest@659499f1]" started-at="2023-09-14T12:38:06 BRT" name="endToEndTest" finished-at="2023-09-14T12:38:07 BRT" duration-ms="1603" status="PASS">
          <reporter-output>
          </reporter-output>
        </test-method> <!-- endToEndTest -->
        <test-method is-config="true" signature="tearDown()[pri:0, instance:uk.co.automationtesting.ChallangeNovo.ContactFormTest@659499f1]" started-at="2023-09-14T12:38:07 BRT" name="tearDown" finished-at="2023-09-14T12:38:07 BRT" duration-ms="175" status="PASS">
          <reporter-output>
          </reporter-output>
        </test-method> <!-- tearDown -->
      </class> <!-- uk.co.automationtesting.ChallangeNovo.ContactFormTest -->
    </test> <!-- ContactFTest -->
  </suite> <!-- Suite -->
</testng-results>
